<?xml version="1.0" encoding="UTF-8"?>
<!-- Generated by org.testng.reporters.JUnitXMLReporter -->
<testsuite hostname="RSPACE075" name="Test" tests="1" failures="0" timestamp="17 Aug 2016 08:25:31 GMT" time="47.309" errors="0">
  <testcase name="@BeforeTest beforeTest" time="0.0" classname="bookstore.BookstoreTest">
    <failure type="org.openqa.selenium.WebDriverException" message="Failed to connect to binary FirefoxBinary(C:\Program Files (x86)\Mozilla Firefox\firefox.exe) on port 7055; process output follows: 
bootstrap method startup on e10srollout@mozilla.org version 1.0
1471422286636	addons.xpi	DEBUG	Registering manifest for C:\Program Files (x86)\Mozilla Firefox\browser\features\firefox@getpocket.com.xpi
1471422286636	addons.xpi	DEBUG	Loading bootstrap scope from C:\Program Files (x86)\Mozilla Firefox\browser\features\firefox@getpocket.com.xpi
1471422286639	addons.xpi	DEBUG	Calling bootstrap method startup on firefox@getpocket.com version 1.0.2
1471422286643	addons.xpi-utils	DEBUG	Starting async load of XPI database C:\Users\alon\AppData\Local\Temp\anonymous6194674360549980731webdriver-profile\extensions.json
1471422286644	addons.xpi	DEBUG	Registering manifest for C:\Program Files (x86)\Mozilla Firefox\browser\features\loop@mozilla.org.xpi
1471422286644	addons.xpi	DEBUG	Loading bootstrap scope from C:\Program Files (x86)\Mozilla Firefox\browser\features\loop@mozilla.org.xpi
1471422286648	addons.xpi	DEBUG	Calling bootstrap method startup on loop@mozilla.org version 1.3.2
1471422286662	addons.manager	DEBUG	Registering shutdown blocker for XPIProvider
1471422286663	addons.manager	DEBUG	Provider finished startup: XPIProvider
1471422286663	addons.manager	DEBUG	Starting provider: LightweightThemeManager
1471422286663	addons.manager	DEBUG	Registering shutdown blocker for LightweightThemeManager
1471422286663	addons.manager	DEBUG	Provider finished startup: LightweightThemeManager
1471422286663	addons.manager	DEBUG	Starting provider: GMPProvider
1471422286667	addons.manager	DEBUG	Registering shutdown blocker for GMPProvider
1471422286667	addons.manager	DEBUG	Provider finished startup: GMPProvider
1471422286667	addons.manager	DEBUG	Starting provider: PluginProvider
1471422286667	addons.manager	DEBUG	Registering shutdown blocker for PluginProvider
1471422286668	addons.manager	DEBUG	Provider finished startup: PluginProvider
1471422286668	addons.manager	DEBUG	Completed startup sequence
1471422286836	addons.xpi-utils	DEBUG	Async JSON file read took 0 MS
1471422286836	addons.xpi-utils	DEBUG	Finished async read of XPI database, parsing...
1471422286837	addons.xpi-utils	DEBUG	Successfully read XPI database
1471422286844	addons.manager	DEBUG	Starting provider: &amp;lt;unnamed-provider&amp;gt;
1471422286844	addons.manager	DEBUG	Registering shutdown blocker for &amp;lt;unnamed-provider&amp;gt;
1471422286845	addons.manager	DEBUG	Provider finished startup: &amp;lt;unnamed-provider&amp;gt;
*** Blocklist::_loadBlocklistFromFile: blocklist is disabled
1471422286912	addons.manager	DEBUG	Starting provider: PreviousExperimentProvider
1471422286912	addons.manager	DEBUG	Registering shutdown blocker for PreviousExperimentProvider
1471422286912	addons.manager	DEBUG	Provider finished startup: PreviousExperimentProvider
JavaScript warning: https://normandy.cdn.mozilla.net/static/bundles/selfrepair-72948156b77d6ce320e0.1e946d807ad4.js, line 11001: mutating the [[Prototype]] of an object will cause your code to run very slowly; instead create the object with the correct initial [[Prototype]] value using Object.create
1471422297567	addons.xpi	DEBUG	Calling bootstrap method shutdown on e10srollout@mozilla.org version 1.0
1471422297568	addons.xpi	DEBUG	Calling bootstrap method shutdown on firefox@getpocket.com version 1.0.2
1471422297568	addons.xpi	DEBUG	Calling bootstrap method shutdown on loop@mozilla.org version 1.3.2
1471422297685	addons.manager	DEBUG	shutdown
1471422297686	addons.manager	DEBUG	Calling shutdown blocker for XPIProvider
1471422297686	addons.xpi	DEBUG	shutdown
1471422297686	addons.xpi-utils	DEBUG	shutdown
1471422297687	addons.manager	DEBUG	Calling shutdown blocker for LightweightThemeManager
1471422297687	addons.manager	DEBUG	Calling shutdown blocker for GMPProvider
1471422297689	addons.manager	DEBUG	Calling shutdown blocker for PluginProvider
1471422297689	addons.manager	DEBUG	Calling shutdown blocker for &amp;lt;unnamed-provider&amp;gt;
1471422297690	addons.manager	DEBUG	Calling shutdown blocker for PreviousExperimentProvider
1471422297692	addons.xpi	DEBUG	Notifying XPI shutdown observers
1471422297694	addons.manager	DEBUG	Async provider shutdown done

Build info: version: &amp;apos;2.45.0&amp;apos;, revision: &amp;apos;5017cb8e7ca8e37638dc3091b2440b90a1d8686f&amp;apos;, time: &amp;apos;2015-02-27 09:10:26&amp;apos;
System info: host: &amp;apos;RSPACE075&amp;apos;, ip: &amp;apos;192.168.200.43&amp;apos;, os.name: &amp;apos;Windows 10&amp;apos;, os.arch: &amp;apos;amd64&amp;apos;, os.version: &amp;apos;10.0&amp;apos;, java.version: &amp;apos;1.8.0_101&amp;apos;
Driver info: driver.version: FirefoxDriver">
      <![CDATA[org.openqa.selenium.WebDriverException: Failed to connect to binary FirefoxBinary(C:\Program Files (x86)\Mozilla Firefox\firefox.exe) on port 7055; process output follows: 
bootstrap method startup on e10srollout@mozilla.org version 1.0
1471422286636	addons.xpi	DEBUG	Registering manifest for C:\Program Files (x86)\Mozilla Firefox\browser\features\firefox@getpocket.com.xpi
1471422286636	addons.xpi	DEBUG	Loading bootstrap scope from C:\Program Files (x86)\Mozilla Firefox\browser\features\firefox@getpocket.com.xpi
1471422286639	addons.xpi	DEBUG	Calling bootstrap method startup on firefox@getpocket.com version 1.0.2
1471422286643	addons.xpi-utils	DEBUG	Starting async load of XPI database C:\Users\alon\AppData\Local\Temp\anonymous6194674360549980731webdriver-profile\extensions.json
1471422286644	addons.xpi	DEBUG	Registering manifest for C:\Program Files (x86)\Mozilla Firefox\browser\features\loop@mozilla.org.xpi
1471422286644	addons.xpi	DEBUG	Loading bootstrap scope from C:\Program Files (x86)\Mozilla Firefox\browser\features\loop@mozilla.org.xpi
1471422286648	addons.xpi	DEBUG	Calling bootstrap method startup on loop@mozilla.org version 1.3.2
1471422286662	addons.manager	DEBUG	Registering shutdown blocker for XPIProvider
1471422286663	addons.manager	DEBUG	Provider finished startup: XPIProvider
1471422286663	addons.manager	DEBUG	Starting provider: LightweightThemeManager
1471422286663	addons.manager	DEBUG	Registering shutdown blocker for LightweightThemeManager
1471422286663	addons.manager	DEBUG	Provider finished startup: LightweightThemeManager
1471422286663	addons.manager	DEBUG	Starting provider: GMPProvider
1471422286667	addons.manager	DEBUG	Registering shutdown blocker for GMPProvider
1471422286667	addons.manager	DEBUG	Provider finished startup: GMPProvider
1471422286667	addons.manager	DEBUG	Starting provider: PluginProvider
1471422286667	addons.manager	DEBUG	Registering shutdown blocker for PluginProvider
1471422286668	addons.manager	DEBUG	Provider finished startup: PluginProvider
1471422286668	addons.manager	DEBUG	Completed startup sequence
1471422286836	addons.xpi-utils	DEBUG	Async JSON file read took 0 MS
1471422286836	addons.xpi-utils	DEBUG	Finished async read of XPI database, parsing...
1471422286837	addons.xpi-utils	DEBUG	Successfully read XPI database
1471422286844	addons.manager	DEBUG	Starting provider: <unnamed-provider>
1471422286844	addons.manager	DEBUG	Registering shutdown blocker for <unnamed-provider>
1471422286845	addons.manager	DEBUG	Provider finished startup: <unnamed-provider>
*** Blocklist::_loadBlocklistFromFile: blocklist is disabled
1471422286912	addons.manager	DEBUG	Starting provider: PreviousExperimentProvider
1471422286912	addons.manager	DEBUG	Registering shutdown blocker for PreviousExperimentProvider
1471422286912	addons.manager	DEBUG	Provider finished startup: PreviousExperimentProvider
JavaScript warning: https://normandy.cdn.mozilla.net/static/bundles/selfrepair-72948156b77d6ce320e0.1e946d807ad4.js, line 11001: mutating the [[Prototype]] of an object will cause your code to run very slowly; instead create the object with the correct initial [[Prototype]] value using Object.create
1471422297567	addons.xpi	DEBUG	Calling bootstrap method shutdown on e10srollout@mozilla.org version 1.0
1471422297568	addons.xpi	DEBUG	Calling bootstrap method shutdown on firefox@getpocket.com version 1.0.2
1471422297568	addons.xpi	DEBUG	Calling bootstrap method shutdown on loop@mozilla.org version 1.3.2
1471422297685	addons.manager	DEBUG	shutdown
1471422297686	addons.manager	DEBUG	Calling shutdown blocker for XPIProvider
1471422297686	addons.xpi	DEBUG	shutdown
1471422297686	addons.xpi-utils	DEBUG	shutdown
1471422297687	addons.manager	DEBUG	Calling shutdown blocker for LightweightThemeManager
1471422297687	addons.manager	DEBUG	Calling shutdown blocker for GMPProvider
1471422297689	addons.manager	DEBUG	Calling shutdown blocker for PluginProvider
1471422297689	addons.manager	DEBUG	Calling shutdown blocker for <unnamed-provider>
1471422297690	addons.manager	DEBUG	Calling shutdown blocker for PreviousExperimentProvider
1471422297692	addons.xpi	DEBUG	Notifying XPI shutdown observers
1471422297694	addons.manager	DEBUG	Async provider shutdown done

Build info: version: '2.45.0', revision: '5017cb8e7ca8e37638dc3091b2440b90a1d8686f', time: '2015-02-27 09:10:26'
System info: host: 'RSPACE075', ip: '192.168.200.43', os.name: 'Windows 10', os.arch: 'amd64', os.version: '10.0', java.version: '1.8.0_101'
Driver info: driver.version: FirefoxDriver
	at org.openqa.selenium.firefox.internal.NewProfileExtensionConnection.start(NewProfileExtensionConnection.java:130)
	at org.openqa.selenium.firefox.FirefoxDriver.startClient(FirefoxDriver.java:246)
	at org.openqa.selenium.remote.RemoteWebDriver.<init>(RemoteWebDriver.java:114)
	at org.openqa.selenium.firefox.FirefoxDriver.<init>(FirefoxDriver.java:191)
	at org.openqa.selenium.firefox.FirefoxDriver.<init>(FirefoxDriver.java:186)
	at org.openqa.selenium.firefox.FirefoxDriver.<init>(FirefoxDriver.java:182)
	at org.openqa.selenium.firefox.FirefoxDriver.<init>(FirefoxDriver.java:95)
	at bookstore.BookstoreTest.beforeTest(BookstoreTest.java:23)
Caused by: org.openqa.selenium.firefox.NotConnectedException: Unable to connect to host 127.0.0.1 on port 7055 after 45000 ms. Firefox console output:
bootstrap method startup on e10srollout@mozilla.org version 1.0
1471422286636	addons.xpi	DEBUG	Registering manifest for C:\Program Files (x86)\Mozilla Firefox\browser\features\firefox@getpocket.com.xpi
1471422286636	addons.xpi	DEBUG	Loading bootstrap scope from C:\Program Files (x86)\Mozilla Firefox\browser\features\firefox@getpocket.com.xpi
1471422286639	addons.xpi	DEBUG	Calling bootstrap method startup on firefox@getpocket.com version 1.0.2
1471422286643	addons.xpi-utils	DEBUG	Starting async load of XPI database C:\Users\alon\AppData\Local\Temp\anonymous6194674360549980731webdriver-profile\extensions.json
1471422286644	addons.xpi	DEBUG	Registering manifest for C:\Program Files (x86)\Mozilla Firefox\browser\features\loop@mozilla.org.xpi
1471422286644	addons.xpi	DEBUG	Loading bootstrap scope from C:\Program Files (x86)\Mozilla Firefox\browser\features\loop@mozilla.org.xpi
1471422286648	addons.xpi	DEBUG	Calling bootstrap method startup on loop@mozilla.org version 1.3.2
1471422286662	addons.manager	DEBUG	Registering shutdown blocker for XPIProvider
1471422286663	addons.manager	DEBUG	Provider finished startup: XPIProvider
1471422286663	addons.manager	DEBUG	Starting provider: LightweightThemeManager
1471422286663	addons.manager	DEBUG	Registering shutdown blocker for LightweightThemeManager
1471422286663	addons.manager	DEBUG	Provider finished startup: LightweightThemeManager
1471422286663	addons.manager	DEBUG	Starting provider: GMPProvider
1471422286667	addons.manager	DEBUG	Registering shutdown blocker for GMPProvider
1471422286667	addons.manager	DEBUG	Provider finished startup: GMPProvider
1471422286667	addons.manager	DEBUG	Starting provider: PluginProvider
1471422286667	addons.manager	DEBUG	Registering shutdown blocker for PluginProvider
1471422286668	addons.manager	DEBUG	Provider finished startup: PluginProvider
1471422286668	addons.manager	DEBUG	Completed startup sequence
1471422286836	addons.xpi-utils	DEBUG	Async JSON file read took 0 MS
1471422286836	addons.xpi-utils	DEBUG	Finished async read of XPI database, parsing...
1471422286837	addons.xpi-utils	DEBUG	Successfully read XPI database
1471422286844	addons.manager	DEBUG	Starting provider: <unnamed-provider>
1471422286844	addons.manager	DEBUG	Registering shutdown blocker for <unnamed-provider>
1471422286845	addons.manager	DEBUG	Provider finished startup: <unnamed-provider>
*** Blocklist::_loadBlocklistFromFile: blocklist is disabled
1471422286912	addons.manager	DEBUG	Starting provider: PreviousExperimentProvider
1471422286912	addons.manager	DEBUG	Registering shutdown blocker for PreviousExperimentProvider
1471422286912	addons.manager	DEBUG	Provider finished startup: PreviousExperimentProvider
JavaScript warning: https://normandy.cdn.mozilla.net/static/bundles/selfrepair-72948156b77d6ce320e0.1e946d807ad4.js, line 11001: mutating the [[Prototype]] of an object will cause your code to run very slowly; instead create the object with the correct initial [[Prototype]] value using Object.create
1471422297567	addons.xpi	DEBUG	Calling bootstrap method shutdown on e10srollout@mozilla.org version 1.0
1471422297568	addons.xpi	DEBUG	Calling bootstrap method shutdown on firefox@getpocket.com version 1.0.2
1471422297568	addons.xpi	DEBUG	Calling bootstrap method shutdown on loop@mozilla.org version 1.3.2
1471422297685	addons.manager	DEBUG	shutdown
1471422297686	addons.manager	DEBUG	Calling shutdown blocker for XPIProvider
1471422297686	addons.xpi	DEBUG	shutdown
1471422297686	addons.xpi-utils	DEBUG	shutdown
1471422297687	addons.manager	DEBUG	Calling shutdown blocker for LightweightThemeManager
1471422297687	addons.manager	DEBUG	Calling shutdown blocker for GMPProvider
1471422297689	addons.manager	DEBUG	Calling shutdown blocker for PluginProvider
1471422297689	addons.manager	DEBUG	Calling shutdown blocker for <unnamed-provider>
1471422297690	addons.manager	DEBUG	Calling shutdown blocker for PreviousExperimentProvider
1471422297692	addons.xpi	DEBUG	Notifying XPI shutdown observers
1471422297694	addons.manager	DEBUG	Async provider shutdown done

	at org.openqa.selenium.firefox.internal.NewProfileExtensionConnection.start(NewProfileExtensionConnection.java:118)
	... 29 more
... Removed 22 stack frames]]>
    </failure>
  </testcase> <!-- @BeforeTest beforeTest -->
  <testcase name="@AfterTest afterTest" time="0.0" classname="bookstore.BookstoreTest">
    <skipped/>
  </testcase> <!-- @AfterTest afterTest -->
  <testcase name="mainTest" time="0.001" classname="bookstore.BookstoreTest">
    <skipped/>
  </testcase> <!-- mainTest -->
</testsuite> <!-- Test -->
