<?xml version="1.0" encoding="UTF-8"?>
<testng-results skipped="0" failed="0" total="2" passed="2">
  <reporter-output>
  </reporter-output>
  <suite name="Surefire suite" duration-ms="5365" started-at="2016-08-21T08:07:51Z" finished-at="2016-08-21T08:07:56Z">
    <groups>
    </groups>
    <test name="Surefire test" duration-ms="5365" started-at="2016-08-21T08:07:51Z" finished-at="2016-08-21T08:07:56Z">
      <class name="bookstore.BookstoreTest">
        <test-method status="PASS" signature="beforeTest()[pri:0, instance:bookstore.BookstoreTest@6fb554cc]" name="beforeTest" is-config="true" duration-ms="307" started-at="2016-08-21T11:07:51Z" finished-at="2016-08-21T11:07:51Z">
          <reporter-output>
          </reporter-output>
        </test-method> <!-- beforeTest -->
        <test-method status="PASS" signature="getTest()[pri:1, instance:bookstore.BookstoreTest@6fb554cc]" name="getTest" duration-ms="2266" started-at="2016-08-21T11:07:51Z" finished-at="2016-08-21T11:07:54Z">
          <reporter-output>
          </reporter-output>
        </test-method> <!-- getTest -->
        <test-method status="PASS" signature="putTest()[pri:2, instance:bookstore.BookstoreTest@6fb554cc]" name="putTest" duration-ms="2782" started-at="2016-08-21T11:07:54Z" finished-at="2016-08-21T11:07:56Z">
          <reporter-output>
          </reporter-output>
        </test-method> <!-- putTest -->
        <test-method status="PASS" signature="afterTest()[pri:0, instance:bookstore.BookstoreTest@6fb554cc]" name="afterTest" is-config="true" duration-ms="1" started-at="2016-08-21T11:07:56Z" finished-at="2016-08-21T11:07:56Z">
          <reporter-output>
          </reporter-output>
        </test-method> <!-- afterTest -->
      </class> <!-- bookstore.BookstoreTest -->
    </test> <!-- Surefire test -->
  </suite> <!-- Surefire suite -->
</testng-results>
