<?xml version="1.0" encoding="UTF-8"?>
<testng-results skipped="0" failed="0" total="2" passed="2">
  <reporter-output>
  </reporter-output>
  <suite name="Default suite" duration-ms="4415" started-at="2016-08-21T11:28:18Z" finished-at="2016-08-21T11:28:23Z">
    <groups>
    </groups>
    <test name="Default test" duration-ms="4415" started-at="2016-08-21T11:28:18Z" finished-at="2016-08-21T11:28:23Z">
      <class name="bookstore.BookstoreTest">
        <test-method status="PASS" signature="beforeTest()[pri:0, instance:bookstore.BookstoreTest@6093dd95]" name="beforeTest" is-config="true" duration-ms="299" started-at="2016-08-21T14:28:18Z" finished-at="2016-08-21T14:28:18Z">
          <reporter-output>
          </reporter-output>
        </test-method> <!-- beforeTest -->
        <test-method status="PASS" signature="getTest()[pri:1, instance:bookstore.BookstoreTest@6093dd95]" name="getTest" duration-ms="2274" started-at="2016-08-21T14:28:18Z" finished-at="2016-08-21T14:28:21Z">
          <reporter-output>
          </reporter-output>
        </test-method> <!-- getTest -->
        <test-method status="PASS" signature="putTest()[pri:2, instance:bookstore.BookstoreTest@6093dd95]" name="putTest" duration-ms="1830" started-at="2016-08-21T14:28:21Z" finished-at="2016-08-21T14:28:23Z">
          <reporter-output>
          </reporter-output>
        </test-method> <!-- putTest -->
        <test-method status="PASS" signature="afterTest()[pri:0, instance:bookstore.BookstoreTest@6093dd95]" name="afterTest" is-config="true" duration-ms="1" started-at="2016-08-21T14:28:23Z" finished-at="2016-08-21T14:28:23Z">
          <reporter-output>
          </reporter-output>
        </test-method> <!-- afterTest -->
      </class> <!-- bookstore.BookstoreTest -->
    </test> <!-- Default test -->
  </suite> <!-- Default suite -->
</testng-results>
